<?xml version="1.0" encoding="UTF-8"?>
<robot generator="Robot 6.0.1 (Python 3.9.7 on win32)" generated="20221124 15:59:57.554" rpa="false" schemaversion="3">
<suite id="s1" name="Test Manager" source="C:\Users\Nobitex\PycharmProjects\GoWeather Test\test_manager.robot">
<test id="s1-t1" name="scrollScreenshotAndprecipitation" line="7">
<kw name="Open App" library="everyThing">
<status status="PASS" starttime="20221124 15:59:57.867" endtime="20221124 16:00:18.275"/>
</kw>
<kw name="Forecast Tab Click" library="everyThing">
<status status="PASS" starttime="20221124 16:00:18.276" endtime="20221124 16:00:22.359"/>
</kw>
<kw name="Scrooll" library="everyThing">
<status status="PASS" starttime="20221124 16:00:22.359" endtime="20221124 16:00:26.254"/>
</kw>
<kw name="Screenshot" library="everyThing">
<status status="PASS" starttime="20221124 16:00:26.254" endtime="20221124 16:00:27.159"/>
</kw>
<tag>DEBUG</tag>
<status status="PASS" starttime="20221124 15:59:57.867" endtime="20221124 16:00:27.159"/>
</test>
<doc>Suite description</doc>
<status status="PASS" starttime="20221124 15:59:57.556" endtime="20221124 16:00:27.159"/>
</suite>
<statistics>
<total>
<stat pass="1" fail="0" skip="0">All Tests</stat>
</total>
<tag>
<stat pass="1" fail="0" skip="0">DEBUG</stat>
</tag>
<suite>
<stat pass="1" fail="0" skip="0" id="s1" name="Test Manager">Test Manager</stat>
</suite>
</statistics>
<errors>
</errors>
</robot>
